<?xml version="1.0" encoding="UTF-8"?>
<!-- Generated by org.testng.reporters.JUnitXMLReporter -->
<testsuite ignored="0" hostname="DESKTOP-P881DBN" failures="0" tests="4" name="Default test" time="54.811" errors="0" timestamp="2022-12-24T19:50:10 IST">
  <testcase classname="TestNG.DataProvider2" name="LoginTest" time="16.457"/>
  <testcase classname="TestNG.DataProvider2" name="LoginTest" time="13.033"/>
  <testcase classname="TestNG.DataProvider2" name="LoginTest" time="12.793"/>
  <testcase classname="TestNG.DataProvider2" name="LoginTest" time="12.339"/>
</testsuite> <!-- Default test -->
