<?xml version="1.0" encoding="UTF-8"?>
<testng-results ignored="0" total="4" passed="4" failed="0" skipped="0">
  <reporter-output>
  </reporter-output>
  <suite started-at="2022-12-24T19:49:15 IST" name="Default suite" finished-at="2022-12-24T19:50:10 IST" duration-ms="54811">
    <groups>
    </groups>
    <test started-at="2022-12-24T19:49:15 IST" name="Default test" finished-at="2022-12-24T19:50:10 IST" duration-ms="54811">
      <class name="TestNG.DataProvider2">
        <test-method signature="LoginTest(java.lang.String,java.lang.String)[pri:0, instance:TestNG.DataProvider2@223aa2f7]" started-at="2022-12-24T19:49:15 IST" name="LoginTest" data-provider="LoginTestData" finished-at="2022-12-24T19:49:32 IST" duration-ms="16457" status="PASS">
          <params>
            <param index="0">
              <value>
                <![CDATA[standard_user]]>
              </value>
            </param>
            <param index="1">
              <value>
                <![CDATA[secret_sauce]]>
              </value>
            </param>
          </params>
          <reporter-output>
          </reporter-output>
        </test-method> <!-- LoginTest -->
        <test-method signature="LoginTest(java.lang.String,java.lang.String)[pri:0, instance:TestNG.DataProvider2@223aa2f7]" started-at="2022-12-24T19:49:32 IST" name="LoginTest" data-provider="LoginTestData" finished-at="2022-12-24T19:49:45 IST" duration-ms="13033" status="PASS">
          <params>
            <param index="0">
              <value>
                <![CDATA[standard_user]]>
              </value>
            </param>
            <param index="1">
              <value>
                <![CDATA[secret_sa]]>
              </value>
            </param>
          </params>
          <reporter-output>
          </reporter-output>
        </test-method> <!-- LoginTest -->
        <test-method signature="LoginTest(java.lang.String,java.lang.String)[pri:0, instance:TestNG.DataProvider2@223aa2f7]" started-at="2022-12-24T19:49:45 IST" name="LoginTest" data-provider="LoginTestData" finished-at="2022-12-24T19:49:58 IST" duration-ms="12793" status="PASS">
          <params>
            <param index="0">
              <value>
                <![CDATA[standard_data]]>
              </value>
            </param>
            <param index="1">
              <value>
                <![CDATA[secret_sauce]]>
              </value>
            </param>
          </params>
          <reporter-output>
          </reporter-output>
        </test-method> <!-- LoginTest -->
        <test-method signature="LoginTest(java.lang.String,java.lang.String)[pri:0, instance:TestNG.DataProvider2@223aa2f7]" started-at="2022-12-24T19:49:58 IST" name="LoginTest" data-provider="LoginTestData" finished-at="2022-12-24T19:50:10 IST" duration-ms="12339" status="PASS">
          <params>
            <param index="0">
              <value>
                <![CDATA[standard_data]]>
              </value>
            </param>
            <param index="1">
              <value>
                <![CDATA[standard_data]]>
              </value>
            </param>
          </params>
          <reporter-output>
          </reporter-output>
        </test-method> <!-- LoginTest -->
      </class> <!-- TestNG.DataProvider2 -->
    </test> <!-- Default test -->
  </suite> <!-- Default suite -->
</testng-results>
